{"/Users/santosh/SAN/github/nodejs_practice/src/hello.js": {"path":"/Users/santosh/SAN/github/nodejs_practice/src/hello.js","statementMap":{"0":{"start":{"line":3,"column":30},"end":{"line":3,"column":29}},"1":{"start":{"line":3,"column":30},"end":{"line":3,"column":null}},"2":{"start":{"line":4,"column":4},"end":{"line":4,"column":9}},"3":{"start":{"line":7,"column":4},"end":{"line":7,"column":11}},"4":{"start":{"line":11,"column":20},"end":{"line":13,"column":null}},"5":{"start":{"line":11,"column":40},"end":{"line":11,"column":39}},"6":{"start":{"line":12,"column":2},"end":{"line":12,"column":9}}},"fnMap":{"0":{"name":"Hello","decl":{"start":{"line":3,"column":2},"end":{"line":3,"column":16}},"loc":{"start":{"line":3,"column":30},"end":{"line":5,"column":null}}},"1":{"name":"getSalutaion","decl":{"start":{"line":6,"column":17},"end":{"line":6,"column":null}},"loc":{"start":{"line":6,"column":17},"end":{"line":8,"column":null}}},"2":{"name":"createHello","decl":{"start":{"line":11,"column":6},"end":{"line":11,"column":17}},"loc":{"start":{"line":11,"column":40},"end":{"line":13,"column":null}}}},"branchMap":{},"s":{"0":1,"1":2,"2":1,"3":1,"4":1,"5":1,"6":1},"f":{"0":1,"1":1,"2":1},"b":{}}
,"/Users/santosh/SAN/github/nodejs_practice/src/index.js": {"path":"/Users/santosh/SAN/github/nodejs_practice/src/index.js","statementMap":{"0":{"start":{"line":1,"column":0},"end":{"line":1,"column":null}}},"fnMap":{},"branchMap":{},"s":{"0":1},"f":{},"b":{}}
}
